[debug] > Exec(early(addDefaultCommands), None, None)
[debug] > Exec(addDefaultCommands, None, None)
[debug] > Exec(early(initialize), None, None)
[debug] > Exec(initialize, None, None)
[debug] > Exec(boot, None, None)
[debug] > Exec(writeSbtVersion, None, None)
[debug] > Exec(reload, None, None)
[debug] > Exec(sbtStashOnFailure, None, None)
[debug] > Exec(onFailure loadFailed, None, None)
[debug] > Exec(loadp, None, None)
[info] welcome to sbt 1.9.7 (Eclipse Adoptium Java 11.0.21)
[debug]       Load.loadUnit: plugins took 418.972571ms
[debug]       Load.loadUnit: defsScala took 1.724897ms
[debug] [Loading] Scanning directory /Users/mariagloriaraquelobono/.sbt/1.0/plugins
[debug] [Loading] Found non-root projects 
[debug] [Loading] Done in /Users/mariagloriaraquelobono/.sbt/1.0/plugins, returning: ()
[debug] deducing auto plugins based on known facts Set(Atom(sbt.plugins.CorePlugin)) and clauses Clauses(Clause(Atom(sbt.plugins.JvmPlugin),Set(Atom(sbt.plugins.IvyPlugin)))
[debug] Clause(Atom(sbt.ScriptedPlugin),Set(Atom(sbt.plugins.JvmPlugin)))
[debug] Clause(Atom(sbt.plugins.SbtPlugin),Set(Atom(sbt.ScriptedPlugin)))
[debug] Clause(Atom(sbt.plugins.SemanticdbPlugin),Set(Atom(sbt.plugins.JvmPlugin)))
[debug] Clause(Atom(sbt.plugins.JUnitXmlReportPlugin),Set(Atom(sbt.plugins.JvmPlugin)))
[debug] Clause(Atom(sbt.plugins.MiniDependencyTreePlugin),Set(Atom(sbt.plugins.JvmPlugin)))
[debug] Clause(Atom(sbt.plugins.CorePlugin),Set(Atom(sbt.plugins.IvyPlugin)))
[debug] Clause(Atom(sbt.plugins.IvyPlugin),Set(Atom(sbt.plugins.JvmPlugin)))
[debug] Clause(Atom(sbt.plugins.JvmPlugin),Set(Atom(sbt.plugins.SemanticdbPlugin)))
[debug] Clause(Atom(sbt.plugins.JvmPlugin),Set(Atom(sbt.plugins.JUnitXmlReportPlugin)))
[debug] Clause(Atom(sbt.plugins.CorePlugin),Set(Atom(sbt.plugins.Giter8TemplatePlugin)))
[debug] Clause(Atom(sbt.plugins.JvmPlugin),Set(Atom(sbt.plugins.MiniDependencyTreePlugin))))
[debug]   :: deduced result: Matched(sbt.plugins.CorePlugin,sbt.plugins.Giter8TemplatePlugin,sbt.plugins.IvyPlugin,sbt.plugins.JvmPlugin,sbt.plugins.MiniDependencyTreePlugin,sbt.plugins.JUnitXmlReportPlugin,sbt.plugins.SemanticdbPlugin)
[debug] Plugins.deducer#function took 426.377977 ms
[debug]           Load.resolveProject(global-plugins) took 305.355403ms
[debug]         Load.loadTransitive: finalizeProject(Project(id global-plugins, base: /Users/mariagloriaraquelobono/.sbt/1.0/plugins, plugins: List(<none>))) took 977.47808ms
[debug] [Loading] Done in /Users/mariagloriaraquelobono/.sbt/1.0/plugins, returning: (global-plugins)
[debug]       Load.loadUnit: loadedProjectsRaw took 1100.61625ms
[debug]       Load.loadUnit: cleanEvalClasses took 2.136164ms
[debug]     Load.loadUnit(file:/Users/mariagloriaraquelobono/.sbt/1.0/plugins/, ...) took 1585.349399ms
[debug]   Load.apply: load took 3858.726542ms
[debug]   Load.apply: resolveProjects took 51.247172ms
[debug]   Load.apply: finalTransforms took 581.48874ms
[debug]   Load.apply: config.delegates took 50.683203ms
[debug]   Load.apply: Def.make(settings)... took 4273.355299ms
[debug]   Load.apply: structureIndex took 628.265795ms
[debug]   Load.apply: mkStreams took 23.518555ms
[info] loading global plugins from /Users/mariagloriaraquelobono/.sbt/1.0/plugins
[debug] Running task... Cancel: Signal, check cycles: false, forcegc: true
[debug] Load.defaultLoad until apply took 19288.648426ms
[debug]           Load.loadUnit: plugins took 208.551169ms
[debug]           Load.loadUnit: defsScala took 0.079661ms
[debug] [Loading] Scanning directory /Users/mariagloriaraquelobono/Fall2023/TitanicPrediction/project
[debug] [Loading] Found non-root projects 
[debug] [Loading] Done in /Users/mariagloriaraquelobono/Fall2023/TitanicPrediction/project, returning: ()
[debug] deducing auto plugins based on known facts Set(Atom(sbt.plugins.CorePlugin)) and clauses Clauses(Clause(Atom(sbt.plugins.JvmPlugin),Set(Atom(sbt.plugins.IvyPlugin)))
[debug] Clause(Atom(sbt.ScriptedPlugin),Set(Atom(sbt.plugins.JvmPlugin)))
[debug] Clause(Atom(sbt.plugins.SbtPlugin),Set(Atom(sbt.ScriptedPlugin)))
[debug] Clause(Atom(sbt.plugins.SemanticdbPlugin),Set(Atom(sbt.plugins.JvmPlugin)))
[debug] Clause(Atom(sbt.plugins.JUnitXmlReportPlugin),Set(Atom(sbt.plugins.JvmPlugin)))
[debug] Clause(Atom(sbt.plugins.MiniDependencyTreePlugin),Set(Atom(sbt.plugins.JvmPlugin)))
[debug] Clause(Atom(sbt.plugins.CorePlugin),Set(Atom(sbt.plugins.IvyPlugin)))
[debug] Clause(Atom(sbt.plugins.IvyPlugin),Set(Atom(sbt.plugins.JvmPlugin)))
[debug] Clause(Atom(sbt.plugins.JvmPlugin),Set(Atom(sbt.plugins.SemanticdbPlugin)))
[debug] Clause(Atom(sbt.plugins.JvmPlugin),Set(Atom(sbt.plugins.JUnitXmlReportPlugin)))
[debug] Clause(Atom(sbt.plugins.CorePlugin),Set(Atom(sbt.plugins.Giter8TemplatePlugin)))
[debug] Clause(Atom(sbt.plugins.JvmPlugin),Set(Atom(sbt.plugins.MiniDependencyTreePlugin))))
[debug]   :: deduced result: Matched(sbt.plugins.CorePlugin,sbt.plugins.Giter8TemplatePlugin,sbt.plugins.IvyPlugin,sbt.plugins.JvmPlugin,sbt.plugins.MiniDependencyTreePlugin,sbt.plugins.JUnitXmlReportPlugin,sbt.plugins.SemanticdbPlugin)
[debug] Plugins.deducer#function took 21.30358 ms
[debug]               Load.resolveProject(titanicprediction-build) took 9.700412ms
[debug]             Load.loadTransitive: finalizeProject(Project(id titanicprediction-build, base: /Users/mariagloriaraquelobono/Fall2023/TitanicPrediction/project, plugins: List(<none>))) took 37.133813ms
[debug] [Loading] Done in /Users/mariagloriaraquelobono/Fall2023/TitanicPrediction/project, returning: (titanicprediction-build)
[debug]           Load.loadUnit: loadedProjectsRaw took 50.317104ms
[debug]           Load.loadUnit: cleanEvalClasses took 0.043408ms
[debug]         Load.loadUnit(file:/Users/mariagloriaraquelobono/Fall2023/TitanicPrediction/project/, ...) took 263.596791ms
[debug]       Load.apply: load took 272.569034ms
[debug]       Load.apply: resolveProjects took 0.860878ms
[debug]       Load.apply: finalTransforms took 84.069435ms
[debug]       Load.apply: config.delegates took 2.688705ms
[debug]       Load.apply: Def.make(settings)... took 543.597445ms
[debug]       Load.apply: structureIndex took 159.883745ms
[debug]       Load.apply: mkStreams took 0.0129ms
[info] loading project definition from /Users/mariagloriaraquelobono/Fall2023/TitanicPrediction/project
[debug] Running task... Cancel: Signal, check cycles: false, forcegc: true
